<?xml version="1.0" encoding="UTF-8"?>
<!-- Generated by org.testng.reporters.JUnitReportReporter -->
<testsuite skipped="0" hostname="LP-PF3HSRPE" name="Tests.LoginTest" tests="1" failures="0" timestamp="2023-02-17T13:18:06 IST" time="26.379" errors="0">
  <testcase name="Logintest" time="26.379" classname="Tests.LoginTest"/>
  <system-out/>
</testsuite> <!-- Tests.LoginTest -->
