<?xml version="1.0" encoding="UTF-8"?>
<!-- Generated by org.testng.reporters.JUnitReportReporter -->
<testsuite skipped="0" hostname="LP-PF3HSRPE" name="Tests.RemoveItemTest" tests="1" failures="0" timestamp="2023-02-17T17:48:32 IST" time="43.693" errors="0">
  <testcase name="Logintest" time="43.693" classname="Tests.RemoveItemTest"/>
  <system-out/>
</testsuite> <!-- Tests.RemoveItemTest -->
