<?xml version="1.0" encoding="UTF-8"?>
<!-- Generated by org.testng.reporters.JUnitReportReporter -->
<testsuite skipped="0" hostname="LP-PF3HSRPE" name="Tests.RegisterTest" tests="1" failures="0" timestamp="2023-02-19T16:17:39 IST" time="46.252" errors="0">
  <testcase name="Registertest" time="46.252" classname="Tests.RegisterTest"/>
  <system-out/>
</testsuite> <!-- Tests.RegisterTest -->
