<?xml version="1.0" encoding="UTF-8"?>
<!-- Generated by org.testng.reporters.JUnitReportReporter -->
<testsuite skipped="0" hostname="LP-PF3HSRPE" name="Tests.CartTest" tests="1" failures="0" timestamp="2023-02-19T23:03:10 IST" time="21.244" errors="0">
  <testcase name="Carttest" time="21.244" classname="Tests.CartTest"/>
  <system-out/>
</testsuite> <!-- Tests.CartTest -->
