<?xml version="1.0" encoding="UTF-8"?>
<!-- Generated by org.testng.reporters.JUnitReportReporter -->
<testsuite skipped="0" hostname="LP-PF3HSRPE" name="Tests.SearchTest" tests="1" failures="0" timestamp="2023-02-17T15:04:10 IST" time="21.555" errors="0">
  <testcase name="Searchtest" time="21.555" classname="Tests.SearchTest"/>
  <system-out/>
</testsuite> <!-- Tests.SearchTest -->
